<?xml version="1.0" encoding="UTF-8"?>
<testng-results ignored="0" total="1" passed="1" failed="0" skipped="0">
  <reporter-output>
  </reporter-output>
  <suite started-at="2025-07-25T15:09:18 IST" name="Default suite" finished-at="2025-07-25T15:09:51 IST" duration-ms="32349">
    <groups>
    </groups>
    <test started-at="2025-07-25T15:09:18 IST" name="Default test" finished-at="2025-07-25T15:09:51 IST" duration-ms="32349">
      <class name="locator.LinkTextAndPartialLink">
        <test-method signature="DemoTestID()[pri:0, instance:locator.LinkTextAndPartialLink@515c6049]" started-at="2025-07-25T15:09:18 IST" name="DemoTestID" finished-at="2025-07-25T15:09:51 IST" duration-ms="32298" status="PASS">
          <reporter-output>
          </reporter-output>
        </test-method> <!-- DemoTestID -->
      </class> <!-- locator.LinkTextAndPartialLink -->
    </test> <!-- Default test -->
  </suite> <!-- Default suite -->
</testng-results>
