<?xml version="1.0" encoding="UTF-8"?>
<testng-results ignored="0" total="0" passed="0" failed="0" skipped="0">
  <reporter-output>
  </reporter-output>
  <suite started-at="2025-07-28T13:08:15 IST" name="Default suite" finished-at="2025-07-28T13:08:21 IST" duration-ms="6363">
    <groups>
    </groups>
    <test started-at="2025-07-28T13:08:15 IST" name="Default test" finished-at="2025-07-28T13:08:21 IST" duration-ms="6363">
      <class name="ReadExcelData.DDTCaseStudy">
        <test-method is-config="true" signature="setup()[pri:0, instance:ReadExcelData.DDTCaseStudy@3cd3e762]" started-at="2025-07-28T13:08:15 IST" name="setup" finished-at="2025-07-28T13:08:21 IST" duration-ms="6327" status="PASS">
          <reporter-output>
          </reporter-output>
        </test-method> <!-- setup -->
      </class> <!-- ReadExcelData.DDTCaseStudy -->
    </test> <!-- Default test -->
  </suite> <!-- Default suite -->
</testng-results>
