<?xml version="1.0" encoding="UTF-8"?>
<testng-results ignored="0" total="1" passed="1" failed="0" skipped="0">
  <reporter-output>
  </reporter-output>
  <suite started-at="2025-07-25T15:36:33 IST" name="Default suite" finished-at="2025-07-25T15:36:59 IST" duration-ms="26039">
    <groups>
    </groups>
    <test started-at="2025-07-25T15:36:33 IST" name="Default test" finished-at="2025-07-25T15:36:59 IST" duration-ms="26039">
      <class name="dropdown.dropdown">
        <test-method signature="DemoTestID()[pri:0, instance:dropdown.dropdown@639c2c1d]" started-at="2025-07-25T15:36:33 IST" name="DemoTestID" finished-at="2025-07-25T15:36:59 IST" duration-ms="25979" status="PASS">
          <reporter-output>
          </reporter-output>
        </test-method> <!-- DemoTestID -->
      </class> <!-- dropdown.dropdown -->
    </test> <!-- Default test -->
  </suite> <!-- Default suite -->
</testng-results>
