<?xml version="1.0" encoding="UTF-8"?>
<testng-results ignored="0" total="1" passed="1" failed="0" skipped="0">
  <reporter-output>
  </reporter-output>
  <suite started-at="2025-07-28T11:35:20 IST" name="Default suite" finished-at="2025-07-28T11:35:30 IST" duration-ms="9790">
    <groups>
    </groups>
    <test started-at="2025-07-28T11:35:20 IST" name="Default test" finished-at="2025-07-28T11:35:30 IST" duration-ms="9790">
      <class name="radiobutton.EaseMyTrip">
        <test-method signature="DemoTestID()[pri:0, instance:radiobutton.EaseMyTrip@33d512c1]" started-at="2025-07-28T11:35:20 IST" name="DemoTestID" finished-at="2025-07-28T11:35:30 IST" duration-ms="9744" status="PASS">
          <reporter-output>
          </reporter-output>
        </test-method> <!-- DemoTestID -->
      </class> <!-- radiobutton.EaseMyTrip -->
    </test> <!-- Default test -->
  </suite> <!-- Default suite -->
</testng-results>
